<?xml version="1.0" encoding="UTF-8"?>
<testng-results ignored="0" total="2" passed="2" failed="0" skipped="0">
  <reporter-output>
  </reporter-output>
  <suite started-at="2021-03-21T15:54:26 GMT" name="GmailAPI" finished-at="2021-03-21T15:54:30 GMT" duration-ms="4147">
    <groups>
    </groups>
    <test started-at="2021-03-21T15:54:26 GMT" name="Send and receive email" finished-at="2021-03-21T15:54:30 GMT" duration-ms="4147">
      <class name="test.SendReceiveEmail">
        <test-method signature="sendEmail(dto.CreateEmailInputDTO)[pri:0, instance:test.SendReceiveEmail@52102734]" started-at="2021-03-21T15:54:26 GMT" name="sendEmail" data-provider="getEmailData" finished-at="2021-03-21T15:54:28 GMT" duration-ms="1984" status="PASS">
          <params>
            <param index="0">
              <value>
                <![CDATA[dto.CreateEmailInputDTO@66c61024]]>
              </value>
            </param>
          </params>
          <reporter-output>
          </reporter-output>
        </test-method> <!-- sendEmail -->
        <test-method signature="searchEmail()[pri:0, instance:test.SendReceiveEmail@52102734]" started-at="2021-03-21T15:54:28 GMT" name="searchEmail" finished-at="2021-03-21T15:54:30 GMT" depends-on-methods="test.SendReceiveEmail.sendEmail" duration-ms="1463" status="PASS">
          <reporter-output>
          </reporter-output>
        </test-method> <!-- searchEmail -->
      </class> <!-- test.SendReceiveEmail -->
    </test> <!-- Send and receive email -->
  </suite> <!-- GmailAPI -->
</testng-results>
