<?xml version="1.0" encoding="UTF-8"?>
<testng-results ignored="0" total="2" passed="2" failed="0" skipped="0">
  <reporter-output>
  </reporter-output>
  <suite started-at="2021-03-21T15:56:06 GMT" name="Default suite" finished-at="2021-03-21T15:56:09 GMT" duration-ms="3451">
    <groups>
    </groups>
    <test started-at="2021-03-21T15:56:06 GMT" name="Default test" finished-at="2021-03-21T15:56:09 GMT" duration-ms="3451">
      <class name="test.SendReceiveEmail">
        <test-method signature="sendEmail(dto.CreateEmailInputDTO)[pri:0, instance:test.SendReceiveEmail@2fd1433e]" started-at="2021-03-21T15:56:06 GMT" name="sendEmail" data-provider="getEmailData" finished-at="2021-03-21T15:56:08 GMT" duration-ms="1619" status="PASS">
          <params>
            <param index="0">
              <value>
                <![CDATA[dto.CreateEmailInputDTO@6f3c660a]]>
              </value>
            </param>
          </params>
          <reporter-output>
          </reporter-output>
        </test-method> <!-- sendEmail -->
        <test-method signature="searchEmail()[pri:0, instance:test.SendReceiveEmail@2fd1433e]" started-at="2021-03-21T15:56:08 GMT" name="searchEmail" finished-at="2021-03-21T15:56:09 GMT" depends-on-methods="test.SendReceiveEmail.sendEmail" duration-ms="1380" status="PASS">
          <reporter-output>
          </reporter-output>
        </test-method> <!-- searchEmail -->
      </class> <!-- test.SendReceiveEmail -->
    </test> <!-- Default test -->
  </suite> <!-- Default suite -->
</testng-results>
